<?xml version="1.0" encoding="UTF-8"?>
<!-- Generated by org.testng.reporters.JUnitXMLReporter -->
<testsuite ignored="2" hostname="DESKTOP-RSB6NC4" failures="0" tests="4" name="GRP-regression" time="0.042" errors="0" timestamp="2022-09-05T20:33:33 IST">
  <testcase classname="testCases.LoginTestWithAnnotations" name="aTest1" time="0.003"/>
  <testcase classname="testCases.GroupingTestCases" name="bTest3" time="0.0"/>
  <testcase classname="testCases.GroupingTestCases" name="aTest1" time="0.0"/>
  <testcase classname="testCases.GroupingTestCases" name="bTest2" time="0.001"/>
  <testcase classname="testCases.GroupingTestCases" name="bTest4" time="0.0">
    <ignored/>
  </testcase> <!-- bTest4 -->
  <testcase classname="testCases.LoginTestWithAnnotations" name="aTest2" time="0.0">
    <ignored/>
  </testcase> <!-- aTest2 -->
</testsuite> <!-- GRP-regression -->
