<?xml version="1.0" encoding="UTF-8"?>
<!-- Generated by org.testng.reporters.JUnitXMLReporter -->
<testsuite ignored="0" hostname="DESKTOP-RSB6NC4" failures="0" tests="4" name="GRP-user-registration" time="0.03" errors="0" timestamp="2022-08-27T22:40:02 IST">
  <testcase classname="testCases.GroupingTestCases" name="bTest3" time="0.004"/>
  <testcase classname="testCases.GroupingTestCases" name="bTest4" time="0.001"/>
  <testcase classname="testCases.GroupingTestCases" name="aTest1" time="0.001"/>
  <testcase classname="testCases.GroupingTestCases" name="bTest2" time="0.0"/>
</testsuite> <!-- GRP-user-registration -->
