<?xml version="1.0" encoding="UTF-8"?>
<!-- Generated by org.testng.reporters.JUnitXMLReporter -->
<testsuite ignored="2" hostname="DESKTOP-RSB6NC4" failures="0" tests="2" name="GRP-bvt" time="0.027" errors="0" timestamp="2022-08-27T22:35:05 IST">
  <testcase classname="testCases.GroupingTestCases" name="bTest3" time="0.004"/>
  <testcase classname="testCases.GroupingTestCases" name="bTest4" time="0.0"/>
  <testcase classname="testCases.GroupingTestCases" name="aTest1" time="0.0">
    <ignored/>
  </testcase> <!-- aTest1 -->
  <testcase classname="testCases.GroupingTestCases" name="bTest2" time="0.0">
    <ignored/>
  </testcase> <!-- bTest2 -->
</testsuite> <!-- GRP-bvt -->
