<?xml version="1.0" encoding="UTF-8"?>
<!-- Generated by org.testng.reporters.JUnitXMLReporter -->
<testsuite ignored="0" hostname="DESKTOP-RSB6NC4" failures="1" tests="3" name="LiTest" time="0.029" errors="0" timestamp="2022-09-12T19:32:54 IST">
  <testcase classname="testCases.ListenerTest" name="test1" time="0.005"/>
  <testcase classname="testCases.ListenerTest" name="test2" time="0.001">
    <failure type="java.lang.AssertionError" message="expected [B] but found [A]">
      <![CDATA[java.lang.AssertionError: expected [B] but found [A]
at testCases.ListenerTest.test2(ListenerTest.java:43)
at java.base/java.util.ArrayList.forEach(ArrayList.java:1511)
... Removed 33 stack frames]]>
    </failure>
  </testcase> <!-- test2 -->
  <testcase classname="testCases.ListenerTest" name="test3" time="0.001">
    <skipped/>
  </testcase> <!-- test3 -->
</testsuite> <!-- LiTest -->
