<?xml version="1.0" encoding="UTF-8"?>
<!-- Generated by org.testng.reporters.JUnitXMLReporter -->
<testsuite ignored="0" hostname="DESKTOP-RSB6NC4" failures="0" tests="3" name="paralleltest" time="18.307" errors="0" timestamp="2022-09-14T15:03:26 IST">
  <testcase classname="testCases.ParallelTest2" name="loginTest" time="9.457"/>
  <testcase classname="testCases.ParallelTest1" name="homepageTitle" time="10.091"/>
  <testcase classname="testCases.ParallelTest1" name="logoTest" time="8.041"/>
</testsuite> <!-- paralleltest -->
