<?xml version="1.0" encoding="UTF-8"?>
<!-- Generated by org.testng.reporters.JUnitXMLReporter -->
<testsuite ignored="0" hostname="DESKTOP-RSB6NC4" failures="1" tests="5" name="Listener Testing" time="9.348" errors="0" timestamp="2022-09-09T21:48:42 IST">
  <testcase classname="testCases.ListenerDemoTest" name="launchApp" time="4.015">
    <skipped/>
  </testcase> <!-- launchApp -->
  <testcase classname="testCases.ListenerDemoTest" name="launchApp" time="1.231">
    <skipped/>
  </testcase> <!-- launchApp -->
  <testcase classname="testCases.ListenerDemoTest" name="launchApp" time="1.327">
    <skipped/>
  </testcase> <!-- launchApp -->
  <testcase classname="testCases.ListenerDemoTest" name="launchApp" time="1.28">
    <skipped/>
  </testcase> <!-- launchApp -->
  <testcase classname="testCases.ListenerDemoTest" name="launchApp" time="1.475">
    <failure type="java.lang.AssertionError" message="expected [true] but found [false]">
      <![CDATA[java.lang.AssertionError: expected [true] but found [false]
at testCases.ListenerDemoTest.launchApp(ListenerDemoTest.java:21)
at java.base/java.util.ArrayList.forEach(ArrayList.java:1511)
... Removed 31 stack frames]]>
    </failure>
  </testcase> <!-- launchApp -->
</testsuite> <!-- Listener Testing -->
