<?xml version="1.0" encoding="UTF-8"?>
<!-- Generated by org.testng.reporters.JUnitXMLReporter -->
<testsuite ignored="0" hostname="DESKTOP-RSB6NC4" failures="0" tests="4" name="Reports Testing" time="0.029" errors="0" timestamp="2022-09-09T23:32:42 IST">
  <testcase classname="testCases.ReportsTest" name="reporterTest1" time="0.005"/>
  <testcase classname="testCases.ReportsTest" name="reporterTest2" time="0.001"/>
  <testcase classname="testCases.ReportsTest" name="reporterTest3" time="0.001"/>
  <testcase classname="testCases.ReportsTest" name="reporterTest4" time="0.0"/>
</testsuite> <!-- Reports Testing -->
